2023-03-09 19:56:00 modified now.xml
2023-03-10 13:30:00 modified test.xml
2023-03-10 13:30:00 modified al.xml
2023-03-10 13:30:00 modified now.xml
2023-03-13 16:43:26 modified test.xml
2023-03-13 16:43:26 modified al.xml
2023-03-13 16:43:26 modified now.xml
2023-03-13 17:43:00 modified test.xml
2023-03-13 17:43:00 modified al.xml
2023-03-13 17:43:00 modified test2.xml
2023-03-13 17:43:00 modified now.xml
2023-03-13 17:54:00 modified test.xml
2023-03-13 17:54:00 modified al.xml
2023-03-13 17:54:00 modified j.xml
2023-03-13 17:54:00 modified test2.xml
2023-03-13 17:54:00 modified now.xml
2023-03-14 13:09:00 modified test.xml
2023-03-14 13:09:00 modified al.xml
2023-03-14 13:09:00 modified j.xml
2023-03-14 13:09:00 modified test2.xml
2023-03-14 13:09:00 modified ryan.xml
2023-03-14 13:09:00 modified now.xml
2023-03-14 13:35:00 modified test.xml
2023-03-14 13:35:00 modified al.xml
2023-03-14 13:35:00 modified j.xml
2023-03-14 13:35:00 modified test2.xml
2023-03-14 13:35:00 modified ryan.xml
2023-03-14 13:35:00 modified josh.xml
2023-03-14 13:35:00 modified now.xml
2023-03-15 20:13:55 modified test.xml
2023-03-15 20:13:55 modified al.xml
2023-03-15 20:13:55 modified j.xml
2023-03-15 20:13:55 modified test2.xml
2023-03-15 20:13:55 modified ryan.xml
2023-03-15 20:13:55 modified josh.xml
2023-03-15 20:13:55 modified now.xml
2023-03-15 20:19:16 modified test.xml
2023-03-15 20:19:16 modified al.xml
2023-03-15 20:19:16 modified j.xml
2023-03-15 20:19:16 modified test2.xml
2023-03-15 20:19:16 modified ryan.xml
2023-03-15 20:19:16 modified josh.xml
2023-03-15 20:19:16 modified now.xml
2023-03-16 14:02:00 modified test.xml
2023-03-16 14:02:00 modified al.xml
2023-03-16 14:02:00 modified j.xml
2023-03-16 14:02:00 modified test2.xml
2023-03-16 14:02:00 modified ryan.xml
2023-03-16 14:02:00 modified josh.xml
2023-03-16 14:02:00 modified now.xml
2023-03-16 14:02:00 modified test3.xml
2023-03-16 14:04:00 modified test.xml
2023-03-16 14:04:00 modified al.xml
2023-03-16 14:04:00 modified j.xml
2023-03-16 14:04:00 modified test2.xml
2023-03-16 14:04:00 modified ryan.xml
2023-03-16 14:04:00 modified josh.xml
2023-03-16 14:04:00 modified now.xml
2023-03-16 14:04:00 modified test3.xml
2023-03-16 15:44:00 modified test.xml
2023-03-16 15:44:00 modified al.xml
2023-03-16 15:44:00 modified j.xml
2023-03-16 15:44:00 modified test2.xml
2023-03-16 15:44:00 modified ryan.xml
2023-03-16 15:44:00 modified josh.xml
2023-03-16 15:44:00 modified now.xml
2023-03-16 15:44:00 modified test3.xml
2023-03-16 15:46:00 modified test.xml
2023-03-16 15:46:00 modified al.xml
2023-03-16 15:46:00 modified j.xml
2023-03-16 15:46:00 modified test2.xml
2023-03-16 15:46:00 modified ryan.xml
2023-03-16 15:46:00 modified josh.xml
2023-03-16 15:46:00 modified now.xml
2023-03-16 15:46:00 modified bdon.xml
2023-03-16 15:46:00 modified test3.xml
